2014-04-11 14:34:49 Error: Fatal Error (1): Call to a member function setFlash() on a non-object in [/Applications/AMPPS/www/cake/cake3/Controller/ProdutosController.php, line 52]
2014-04-11 14:34:49 Error: [FatalErrorException] Call to a member function setFlash() on a non-object
Request URL: /cake/cake3/produtos/add
Stack Trace:
#0 /Applications/AMPPS/www/cake/cake3/Vendor/pear-pear.cakephp.org/CakePHP/Cake/Error/ErrorHandler.php(203): ErrorHandler::handleFatalError(1, 'Call to a membe...', '/Applications/A...', 52)
#1 [internal function]: ErrorHandler::handleError(1, 'Call to a membe...', '/Applications/A...', 52, Array)
#2 /Applications/AMPPS/www/cake/cake3/Vendor/pear-pear.cakephp.org/CakePHP/Cake/Core/App.php(929): call_user_func('ErrorHandler::h...', 1, 'Call to a membe...', '/Applications/A...', 52, Array)
#3 /Applications/AMPPS/www/cake/cake3/Vendor/pear-pear.cakephp.org/CakePHP/Cake/Core/App.php(902): App::_checkFatalError()
#4 [internal function]: App::shutdown()
#5 {main}
2014-04-11 14:34:54 Error: [PDOException] SQLSTATE[23000]: Integrity constraint violation: 1062 Duplicate entry '1' for key 'PRIMARY'
Request URL: /cake/cake3/produtos/add
Stack Trace:
#0 /Applications/AMPPS/www/cake/cake3/Vendor/pear-pear.cakephp.org/CakePHP/Cake/Model/Datasource/DboSource.php(458): PDOStatement->execute(Array)
#1 /Applications/AMPPS/www/cake/cake3/Vendor/pear-pear.cakephp.org/CakePHP/Cake/Model/Datasource/DboSource.php(424): DboSource->_execute('INSERT INTO `ca...', Array)
#2 /Applications/AMPPS/www/cake/cake3/Vendor/pear-pear.cakephp.org/CakePHP/Cake/Model/Datasource/DboSource.php(1004): DboSource->execute('INSERT INTO `ca...')
#3 /Applications/AMPPS/www/cake/cake3/Vendor/pear-pear.cakephp.org/CakePHP/Cake/Model/Model.php(1832): DboSource->create(Object(Produto), Array, Array)
#4 /Applications/AMPPS/www/cake/cake3/Controller/ProdutosController.php(51): Model->save(Array)
#5 [internal function]: ProdutosController->add()
#6 /Applications/AMPPS/www/cake/cake3/Vendor/pear-pear.cakephp.org/CakePHP/Cake/Controller/Controller.php(490): ReflectionMethod->invokeArgs(Object(ProdutosController), Array)
#7 /Applications/AMPPS/www/cake/cake3/Vendor/pear-pear.cakephp.org/CakePHP/Cake/Routing/Dispatcher.php(185): Controller->invokeAction(Object(CakeRequest))
#8 /Applications/AMPPS/www/cake/cake3/Vendor/pear-pear.cakephp.org/CakePHP/Cake/Routing/Dispatcher.php(160): Dispatcher->_invoke(Object(ProdutosController), Object(CakeRequest), Object(CakeResponse))
#9 /Applications/AMPPS/www/cake/cake3/webroot/index.php(101): Dispatcher->dispatch(Object(CakeRequest), Object(CakeResponse))
#10 {main}
